<?xml version="1.0" encoding="UTF-8"?>
<!-- Generated by org.testng.reporters.JUnitXMLReporter -->
<testsuite hostname="Jeys-MBP.home" ignored="0" name="Default test" tests="3" failures="0" timestamp="19 Nov 2019 03:23:03 GMT" time="2.905" errors="0">
  <testcase name="verifyGooglePagTitleTest" time="0.058" classname="com.Tests.GoogleMainPageTest"/>
  <testcase name="passSomeWord" time="0.094" classname="com.Tests.GoogleMainPageTest"/>
  <testcase name="clicksearchButton" time="0.051" classname="com.Tests.GoogleMainPageTest"/>
</testsuite> <!-- Default test -->
