<?xml version="1.0" encoding="UTF-8"?>
<!-- Generated by org.testng.reporters.JUnitXMLReporter -->
<testsuite hostname="Jeys-MBP.home" ignored="0" name="Google regression Test" tests="3" failures="0" timestamp="26 Nov 2019 01:35:13 GMT" time="7.015" errors="0">
  <testcase name="verifyGooglePagTitleTest" time="0.053" classname="com.Tests.GoogleMainPageTest"/>
  <testcase name="passSomeWord" time="0.106" classname="com.Tests.GoogleMainPageTest"/>
  <testcase name="clicksearchButton" time="0.051" classname="com.Tests.GoogleMainPageTest"/>
</testsuite> <!-- Google regression Test -->
