<?xml version="1.0" encoding="UTF-8"?>
<testng-results skipped="0" failed="0" ignored="0" total="3" passed="3">
  <reporter-output>
  </reporter-output>
  <suite name="Google Test Suite" duration-ms="7015" started-at="2019-11-26T01:35:06Z" finished-at="2019-11-26T01:35:13Z">
    <groups>
    </groups>
    <test name="Google regression Test" duration-ms="7015" started-at="2019-11-26T01:35:06Z" finished-at="2019-11-26T01:35:13Z">
      <class name="com.Tests.GoogleMainPageTest">
        <test-method status="PASS" signature="setUp()[pri:0, instance:com.Tests.GoogleMainPageTest@38600b]" name="setUp" is-config="true" duration-ms="6685" started-at="2019-11-26T01:35:06Z" finished-at="2019-11-26T01:35:13Z">
          <reporter-output>
          </reporter-output>
        </test-method> <!-- setUp -->
        <test-method status="PASS" signature="verifyGooglePagTitleTest()[pri:1, instance:com.Tests.GoogleMainPageTest@38600b]" name="verifyGooglePagTitleTest" duration-ms="53" started-at="2019-11-26T01:35:13Z" finished-at="2019-11-26T01:35:13Z">
          <reporter-output>
          </reporter-output>
        </test-method> <!-- verifyGooglePagTitleTest -->
        <test-method status="PASS" signature="passSomeWord()[pri:2, instance:com.Tests.GoogleMainPageTest@38600b]" name="passSomeWord" duration-ms="106" started-at="2019-11-26T01:35:13Z" finished-at="2019-11-26T01:35:13Z">
          <reporter-output>
          </reporter-output>
        </test-method> <!-- passSomeWord -->
        <test-method status="PASS" signature="clicksearchButton()[pri:3, instance:com.Tests.GoogleMainPageTest@38600b]" name="clicksearchButton" duration-ms="51" started-at="2019-11-26T01:35:13Z" finished-at="2019-11-26T01:35:13Z">
          <reporter-output>
          </reporter-output>
        </test-method> <!-- clicksearchButton -->
      </class> <!-- com.Tests.GoogleMainPageTest -->
    </test> <!-- Google regression Test -->
  </suite> <!-- Google Test Suite -->
</testng-results>
